{"C:\\Users\\matt\\Desktop\\524FullstackTutorial\\final\\server\\src\\engine-demo.js": {"path":"C:\\Users\\matt\\Desktop\\524FullstackTutorial\\final\\server\\src\\engine-demo.js","statementMap":{"0":{"start":{"line":1,"column":0},"end":{"line":9,"column":2}},"1":{"start":{"line":4,"column":4},"end":{"line":4,"column":45}},"2":{"start":{"line":4,"column":35},"end":{"line":4,"column":45}},"3":{"start":{"line":5,"column":23},"end":{"line":5,"column":62}},"4":{"start":{"line":6,"column":26},"end":{"line":6,"column":68}},"5":{"start":{"line":7,"column":4},"end":{"line":7,"column":41}}},"fnMap":{"0":{"name":"(anonymous_0)","decl":{"start":{"line":3,"column":22},"end":{"line":3,"column":23}},"loc":{"start":{"line":3,"column":39},"end":{"line":8,"column":3}},"line":3}},"branchMap":{"0":{"loc":{"start":{"line":4,"column":4},"end":{"line":4,"column":45}},"type":"if","locations":[{"start":{"line":4,"column":4},"end":{"line":4,"column":45}},{"start":{"line":4,"column":4},"end":{"line":4,"column":45}}],"line":4},"1":{"loc":{"start":{"line":4,"column":8},"end":{"line":4,"column":33}},"type":"binary-expr","locations":[{"start":{"line":4,"column":8},"end":{"line":4,"column":16}},{"start":{"line":4,"column":20},"end":{"line":4,"column":33}}],"line":4}},"s":{"0":2,"1":0,"2":0,"3":0,"4":0,"5":0},"f":{"0":0},"b":{"0":[0,0],"1":[0,0]},"_coverageSchema":"43e27e138ebf9cfc5966b082cf9a028302ed4184","hash":"818d2439f5376dda7b9d40b957168bcb58292c16"}
,"C:\\Users\\matt\\Desktop\\524FullstackTutorial\\final\\server\\src\\index.js": {"path":"C:\\Users\\matt\\Desktop\\524FullstackTutorial\\final\\server\\src\\index.js","statementMap":{"0":{"start":{"line":1,"column":0},"end":{"line":1,"column":27}},"1":{"start":{"line":3,"column":25},"end":{"line":3,"column":49}},"2":{"start":{"line":4,"column":16},"end":{"line":4,"column":34}},"3":{"start":{"line":6,"column":17},"end":{"line":6,"column":36}},"4":{"start":{"line":7,"column":18},"end":{"line":7,"column":40}},"5":{"start":{"line":8,"column":24},"end":{"line":8,"column":42}},"6":{"start":{"line":10,"column":18},"end":{"line":10,"column":49}},"7":{"start":{"line":11,"column":16},"end":{"line":11,"column":45}},"8":{"start":{"line":13,"column":27},"end":{"line":13,"column":51}},"9":{"start":{"line":16,"column":14},"end":{"line":16,"column":27}},"10":{"start":{"line":19,"column":20},"end":{"line":22,"column":2}},"11":{"start":{"line":19,"column":27},"end":{"line":22,"column":1}},"12":{"start":{"line":25,"column":16},"end":{"line":37,"column":1}},"13":{"start":{"line":27,"column":15},"end":{"line":27,"column":63}},"14":{"start":{"line":28,"column":16},"end":{"line":28,"column":60}},"15":{"start":{"line":31,"column":2},"end":{"line":31,"column":54}},"16":{"start":{"line":31,"column":32},"end":{"line":31,"column":54}},"17":{"start":{"line":33,"column":16},"end":{"line":33,"column":68}},"18":{"start":{"line":34,"column":15},"end":{"line":34,"column":50}},"19":{"start":{"line":36,"column":2},"end":{"line":36,"column":18}},"20":{"start":{"line":40,"column":15},"end":{"line":51,"column":2}},"21":{"start":{"line":55,"column":0},"end":{"line":61,"column":1}},"22":{"start":{"line":56,"column":2},"end":{"line":60,"column":7}},"23":{"start":{"line":59,"column":6},"end":{"line":59,"column":45}},"24":{"start":{"line":64,"column":0},"end":{"line":74,"column":2}}},"fnMap":{"0":{"name":"(anonymous_0)","decl":{"start":{"line":19,"column":20},"end":{"line":19,"column":21}},"loc":{"start":{"line":19,"column":27},"end":{"line":22,"column":1}},"line":19},"1":{"name":"(anonymous_1)","decl":{"start":{"line":25,"column":16},"end":{"line":25,"column":17}},"loc":{"start":{"line":25,"column":35},"end":{"line":37,"column":1}},"line":25},"2":{"name":"(anonymous_2)","decl":{"start":{"line":58,"column":10},"end":{"line":58,"column":11}},"loc":{"start":{"line":58,"column":23},"end":{"line":60,"column":5}},"line":58}},"branchMap":{"0":{"loc":{"start":{"line":27,"column":15},"end":{"line":27,"column":63}},"type":"binary-expr","locations":[{"start":{"line":27,"column":16},"end":{"line":27,"column":27}},{"start":{"line":27,"column":31},"end":{"line":27,"column":56}},{"start":{"line":27,"column":61},"end":{"line":27,"column":63}}],"line":27},"1":{"loc":{"start":{"line":31,"column":2},"end":{"line":31,"column":54}},"type":"if","locations":[{"start":{"line":31,"column":2},"end":{"line":31,"column":54}},{"start":{"line":31,"column":2},"end":{"line":31,"column":54}}],"line":31},"2":{"loc":{"start":{"line":34,"column":15},"end":{"line":34,"column":50}},"type":"cond-expr","locations":[{"start":{"line":34,"column":35},"end":{"line":34,"column":43}},{"start":{"line":34,"column":46},"end":{"line":34,"column":50}}],"line":34},"3":{"loc":{"start":{"line":34,"column":15},"end":{"line":34,"column":32}},"type":"binary-expr","locations":[{"start":{"line":34,"column":15},"end":{"line":34,"column":20}},{"start":{"line":34,"column":24},"end":{"line":34,"column":32}}],"line":34},"4":{"loc":{"start":{"line":55,"column":0},"end":{"line":61,"column":1}},"type":"if","locations":[{"start":{"line":55,"column":0},"end":{"line":61,"column":1}},{"start":{"line":55,"column":0},"end":{"line":61,"column":1}}],"line":55},"5":{"loc":{"start":{"line":57,"column":20},"end":{"line":57,"column":44}},"type":"binary-expr","locations":[{"start":{"line":57,"column":20},"end":{"line":57,"column":36}},{"start":{"line":57,"column":40},"end":{"line":57,"column":44}}],"line":57}},"s":{"0":2,"1":2,"2":2,"3":2,"4":2,"5":2,"6":2,"7":2,"8":2,"9":2,"10":2,"11":2,"12":2,"13":2,"14":2,"15":2,"16":2,"17":0,"18":0,"19":0,"20":2,"21":2,"22":0,"23":0,"24":2},"f":{"0":2,"1":2,"2":0},"b":{"0":[2,2,2],"1":[2,0],"2":[0,0],"3":[0,0],"4":[0,2],"5":[0,0]},"_coverageSchema":"43e27e138ebf9cfc5966b082cf9a028302ed4184","hash":"b611ce41cc22391aff8b20868b481b57cb8b4b91"}
,"C:\\Users\\matt\\Desktop\\524FullstackTutorial\\final\\server\\src\\resolvers.js": {"path":"C:\\Users\\matt\\Desktop\\524FullstackTutorial\\final\\server\\src\\resolvers.js","statementMap":{"0":{"start":{"line":1,"column":28},"end":{"line":1,"column":46}},"1":{"start":{"line":3,"column":0},"end":{"line":103,"column":2}},"2":{"start":{"line":6,"column":26},"end":{"line":6,"column":70}},"3":{"start":{"line":8,"column":6},"end":{"line":8,"column":28}},"4":{"start":{"line":10,"column":23},"end":{"line":14,"column":8}},"5":{"start":{"line":16,"column":6},"end":{"line":25,"column":8}},"6":{"start":{"line":28,"column":6},"end":{"line":28,"column":59}},"7":{"start":{"line":30,"column":6},"end":{"line":30,"column":44}},"8":{"start":{"line":34,"column":22},"end":{"line":34,"column":72}},"9":{"start":{"line":35,"column":23},"end":{"line":37,"column":8}},"10":{"start":{"line":39,"column":6},"end":{"line":48,"column":8}},"11":{"start":{"line":45,"column":22},"end":{"line":45,"column":43}},"12":{"start":{"line":51,"column":21},"end":{"line":51,"column":65}},"13":{"start":{"line":53,"column":6},"end":{"line":57,"column":10}},"14":{"start":{"line":54,"column":8},"end":{"line":57,"column":10}},"15":{"start":{"line":59,"column":21},"end":{"line":59,"column":76}},"16":{"start":{"line":60,"column":6},"end":{"line":64,"column":8}},"17":{"start":{"line":67,"column":19},"end":{"line":67,"column":72}},"18":{"start":{"line":68,"column":6},"end":{"line":71,"column":7}},"19":{"start":{"line":69,"column":8},"end":{"line":69,"column":58}},"20":{"start":{"line":70,"column":8},"end":{"line":70,"column":20}},"21":{"start":{"line":74,"column":6},"end":{"line":74,"column":54}},"22":{"start":{"line":78,"column":6},"end":{"line":78,"column":67}},"23":{"start":{"line":83,"column":6},"end":{"line":85,"column":36}},"24":{"start":{"line":91,"column":24},"end":{"line":91,"column":70}},"25":{"start":{"line":93,"column":6},"end":{"line":93,"column":39}},"26":{"start":{"line":93,"column":29},"end":{"line":93,"column":39}},"27":{"start":{"line":96,"column":6},"end":{"line":100,"column":8}}},"fnMap":{"0":{"name":"(anonymous_0)","decl":{"start":{"line":5,"column":14},"end":{"line":5,"column":15}},"loc":{"start":{"line":5,"column":70},"end":{"line":26,"column":5}},"line":5},"1":{"name":"(anonymous_1)","decl":{"start":{"line":27,"column":12},"end":{"line":27,"column":13}},"loc":{"start":{"line":28,"column":6},"end":{"line":28,"column":59}},"line":28},"2":{"name":"(anonymous_2)","decl":{"start":{"line":29,"column":8},"end":{"line":29,"column":9}},"loc":{"start":{"line":30,"column":6},"end":{"line":30,"column":44}},"line":30},"3":{"name":"(anonymous_3)","decl":{"start":{"line":33,"column":15},"end":{"line":33,"column":16}},"loc":{"start":{"line":33,"column":60},"end":{"line":49,"column":5}},"line":33},"4":{"name":"(anonymous_4)","decl":{"start":{"line":45,"column":16},"end":{"line":45,"column":17}},"loc":{"start":{"line":45,"column":22},"end":{"line":45,"column":43}},"line":45},"5":{"name":"(anonymous_5)","decl":{"start":{"line":50,"column":16},"end":{"line":50,"column":17}},"loc":{"start":{"line":50,"column":60},"end":{"line":65,"column":5}},"line":50},"6":{"name":"(anonymous_6)","decl":{"start":{"line":66,"column":11},"end":{"line":66,"column":12}},"loc":{"start":{"line":66,"column":52},"end":{"line":72,"column":5}},"line":66},"7":{"name":"(anonymous_7)","decl":{"start":{"line":73,"column":24},"end":{"line":73,"column":25}},"loc":{"start":{"line":74,"column":6},"end":{"line":74,"column":54}},"line":74},"8":{"name":"(anonymous_8)","decl":{"start":{"line":77,"column":14},"end":{"line":77,"column":15}},"loc":{"start":{"line":78,"column":6},"end":{"line":78,"column":67}},"line":78},"9":{"name":"(anonymous_9)","decl":{"start":{"line":82,"column":18},"end":{"line":82,"column":19}},"loc":{"start":{"line":82,"column":61},"end":{"line":86,"column":5}},"line":82},"10":{"name":"(anonymous_10)","decl":{"start":{"line":89,"column":11},"end":{"line":89,"column":12}},"loc":{"start":{"line":89,"column":45},"end":{"line":101,"column":5}},"line":89}},"branchMap":{"0":{"loc":{"start":{"line":5,"column":26},"end":{"line":5,"column":39}},"type":"default-arg","locations":[{"start":{"line":5,"column":37},"end":{"line":5,"column":39}}],"line":5},"1":{"loc":{"start":{"line":18,"column":16},"end":{"line":18,"column":77}},"type":"cond-expr","locations":[{"start":{"line":18,"column":34},"end":{"line":18,"column":70}},{"start":{"line":18,"column":73},"end":{"line":18,"column":77}}],"line":18},"2":{"loc":{"start":{"line":21,"column":17},"end":{"line":24,"column":17}},"type":"cond-expr","locations":[{"start":{"line":22,"column":12},"end":{"line":23,"column":54}},{"start":{"line":24,"column":12},"end":{"line":24,"column":17}}],"line":21},"3":{"loc":{"start":{"line":40,"column":17},"end":{"line":40,"column":63}},"type":"binary-expr","locations":[{"start":{"line":40,"column":17},"end":{"line":40,"column":24}},{"start":{"line":40,"column":28},"end":{"line":40,"column":63}}],"line":40},"4":{"loc":{"start":{"line":42,"column":10},"end":{"line":46,"column":17}},"type":"cond-expr","locations":[{"start":{"line":43,"column":14},"end":{"line":43,"column":41}},{"start":{"line":44,"column":14},"end":{"line":46,"column":17}}],"line":42},"5":{"loc":{"start":{"line":53,"column":6},"end":{"line":57,"column":10}},"type":"if","locations":[{"start":{"line":53,"column":6},"end":{"line":57,"column":10}},{"start":{"line":53,"column":6},"end":{"line":57,"column":10}}],"line":53},"6":{"loc":{"start":{"line":68,"column":6},"end":{"line":71,"column":7}},"type":"if","locations":[{"start":{"line":68,"column":6},"end":{"line":71,"column":7}},{"start":{"line":68,"column":6},"end":{"line":71,"column":7}}],"line":68},"7":{"loc":{"start":{"line":82,"column":28},"end":{"line":82,"column":56}},"type":"default-arg","locations":[{"start":{"line":82,"column":39},"end":{"line":82,"column":56}}],"line":82},"8":{"loc":{"start":{"line":83,"column":13},"end":{"line":85,"column":35}},"type":"cond-expr","locations":[{"start":{"line":84,"column":10},"end":{"line":84,"column":35}},{"start":{"line":85,"column":10},"end":{"line":85,"column":35}}],"line":83},"9":{"loc":{"start":{"line":93,"column":6},"end":{"line":93,"column":39}},"type":"if","locations":[{"start":{"line":93,"column":6},"end":{"line":93,"column":39}},{"start":{"line":93,"column":6},"end":{"line":93,"column":39}}],"line":93},"10":{"loc":{"start":{"line":97,"column":8},"end":{"line":99,"column":16}},"type":"binary-expr","locations":[{"start":{"line":97,"column":8},"end":{"line":99,"column":10}},{"start":{"line":99,"column":14},"end":{"line":99,"column":16}}],"line":97}},"s":{"0":6,"1":6,"2":6,"3":6,"4":6,"5":6,"6":3,"7":2,"8":3,"9":3,"10":3,"11":1,"12":2,"13":2,"14":1,"15":1,"16":1,"17":3,"18":3,"19":2,"20":2,"21":0,"22":5,"23":5,"24":2,"25":2,"26":1,"27":1},"f":{"0":6,"1":3,"2":2,"3":3,"4":1,"5":2,"6":3,"7":0,"8":5,"9":5,"10":2},"b":{"0":[3],"1":[6,0],"2":[6,0],"3":[3,3],"4":[2,1],"5":[1,1],"6":[2,1],"7":[1],"8":[1,4],"9":[1,1],"10":[1,0]},"_coverageSchema":"43e27e138ebf9cfc5966b082cf9a028302ed4184","hash":"75fa76756bc37d412ffdd4da14e1d3f64e678b54"}
,"C:\\Users\\matt\\Desktop\\524FullstackTutorial\\final\\server\\src\\schema.js": {"path":"C:\\Users\\matt\\Desktop\\524FullstackTutorial\\final\\server\\src\\schema.js","statementMap":{"0":{"start":{"line":1,"column":16},"end":{"line":1,"column":40}},"1":{"start":{"line":3,"column":17},"end":{"line":80,"column":1}},"2":{"start":{"line":82,"column":0},"end":{"line":82,"column":26}}},"fnMap":{},"branchMap":{},"s":{"0":2,"1":2,"2":2},"f":{},"b":{},"_coverageSchema":"43e27e138ebf9cfc5966b082cf9a028302ed4184","hash":"e157aa80dbadb23043089fa4fded7c1f55b5a22d"}
,"C:\\Users\\matt\\Desktop\\524FullstackTutorial\\final\\server\\src\\utils.js": {"path":"C:\\Users\\matt\\Desktop\\524FullstackTutorial\\final\\server\\src\\utils.js","statementMap":{"0":{"start":{"line":1,"column":20},"end":{"line":1,"column":40}},"1":{"start":{"line":3,"column":0},"end":{"line":29,"column":2}},"2":{"start":{"line":8,"column":20},"end":{"line":8,"column":24}},"3":{"start":{"line":10,"column":2},"end":{"line":10,"column":30}},"4":{"start":{"line":10,"column":20},"end":{"line":10,"column":30}},"5":{"start":{"line":12,"column":2},"end":{"line":12,"column":49}},"6":{"start":{"line":12,"column":15},"end":{"line":12,"column":49}},"7":{"start":{"line":13,"column":22},"end":{"line":19,"column":4}},"8":{"start":{"line":15,"column":21},"end":{"line":15,"column":64}},"9":{"start":{"line":18,"column":4},"end":{"line":18,"column":54}},"10":{"start":{"line":21,"column":2},"end":{"line":28,"column":33}},"11":{"start":{"line":31,"column":0},"end":{"line":53,"column":2}},"12":{"start":{"line":32,"column":13},"end":{"line":35,"column":4}},"13":{"start":{"line":37,"column":16},"end":{"line":43,"column":4}},"14":{"start":{"line":45,"column":16},"end":{"line":50,"column":4}},"15":{"start":{"line":52,"column":2},"end":{"line":52,"column":30}}},"fnMap":{"0":{"name":"(anonymous_0)","decl":{"start":{"line":3,"column":33},"end":{"line":3,"column":34}},"loc":{"start":{"line":9,"column":6},"end":{"line":29,"column":1}},"line":9},"1":{"name":"(anonymous_1)","decl":{"start":{"line":8,"column":14},"end":{"line":8,"column":15}},"loc":{"start":{"line":8,"column":20},"end":{"line":8,"column":24}},"line":8},"2":{"name":"(anonymous_2)","decl":{"start":{"line":13,"column":40},"end":{"line":13,"column":41}},"loc":{"start":{"line":13,"column":48},"end":{"line":19,"column":3}},"line":13},"3":{"name":"(anonymous_3)","decl":{"start":{"line":31,"column":29},"end":{"line":31,"column":30}},"loc":{"start":{"line":31,"column":35},"end":{"line":53,"column":1}},"line":31}},"branchMap":{"0":{"loc":{"start":{"line":5,"column":2},"end":{"line":5,"column":15}},"type":"default-arg","locations":[{"start":{"line":5,"column":13},"end":{"line":5,"column":15}}],"line":5},"1":{"loc":{"start":{"line":8,"column":2},"end":{"line":8,"column":24}},"type":"default-arg","locations":[{"start":{"line":8,"column":14},"end":{"line":8,"column":24}}],"line":8},"2":{"loc":{"start":{"line":10,"column":2},"end":{"line":10,"column":30}},"type":"if","locations":[{"start":{"line":10,"column":2},"end":{"line":10,"column":30}},{"start":{"line":10,"column":2},"end":{"line":10,"column":30}}],"line":10},"3":{"loc":{"start":{"line":12,"column":2},"end":{"line":12,"column":49}},"type":"if","locations":[{"start":{"line":12,"column":2},"end":{"line":12,"column":49}},{"start":{"line":12,"column":2},"end":{"line":12,"column":49}}],"line":12},"4":{"loc":{"start":{"line":15,"column":21},"end":{"line":15,"column":64}},"type":"cond-expr","locations":[{"start":{"line":15,"column":35},"end":{"line":15,"column":46}},{"start":{"line":15,"column":49},"end":{"line":15,"column":64}}],"line":15},"5":{"loc":{"start":{"line":18,"column":11},"end":{"line":18,"column":53}},"type":"cond-expr","locations":[{"start":{"line":18,"column":24},"end":{"line":18,"column":45}},{"start":{"line":18,"column":48},"end":{"line":18,"column":53}}],"line":18},"6":{"loc":{"start":{"line":21,"column":9},"end":{"line":28,"column":32}},"type":"cond-expr","locations":[{"start":{"line":22,"column":6},"end":{"line":27,"column":9}},{"start":{"line":28,"column":6},"end":{"line":28,"column":32}}],"line":21},"7":{"loc":{"start":{"line":22,"column":6},"end":{"line":27,"column":9}},"type":"cond-expr","locations":[{"start":{"line":23,"column":8},"end":{"line":23,"column":10}},{"start":{"line":24,"column":8},"end":{"line":27,"column":9}}],"line":22}},"s":{"0":6,"1":6,"2":0,"3":6,"4":0,"5":6,"6":3,"7":3,"8":54,"9":54,"10":3,"11":6,"12":2,"13":2,"14":2,"15":2},"f":{"0":6,"1":0,"2":54,"3":2},"b":{"0":[0],"1":[6],"2":[0,6],"3":[3,3],"4":[54,0],"5":[54,0],"6":[3,0],"7":[0,3]},"_coverageSchema":"43e27e138ebf9cfc5966b082cf9a028302ed4184","hash":"8336ae580c1cdc13182a023d4811821b7e1d9f70"}
,"C:\\Users\\matt\\Desktop\\524FullstackTutorial\\final\\server\\src\\__tests__\\__utils.js": {"path":"C:\\Users\\matt\\Desktop\\524FullstackTutorial\\final\\server\\src\\__tests__\\__utils.js","statementMap":{"0":{"start":{"line":1,"column":21},"end":{"line":1,"column":48}},"1":{"start":{"line":2,"column":14},"end":{"line":2,"column":35}},"2":{"start":{"line":3,"column":31},"end":{"line":3,"column":53}},"3":{"start":{"line":5,"column":0},"end":{"line":5,"column":37}},"4":{"start":{"line":16,"column":4},"end":{"line":16,"column":18}},"5":{"start":{"line":21,"column":28},"end":{"line":33,"column":1}},"6":{"start":{"line":22,"column":18},"end":{"line":22,"column":40}},"7":{"start":{"line":23,"column":20},"end":{"line":23,"column":35}},"8":{"start":{"line":25,"column":17},"end":{"line":30,"column":4}},"9":{"start":{"line":28,"column":24},"end":{"line":28,"column":46}},"10":{"start":{"line":32,"column":2},"end":{"line":32,"column":40}},"11":{"start":{"line":35,"column":0},"end":{"line":35,"column":57}},"12":{"start":{"line":41,"column":24},"end":{"line":62,"column":1}},"13":{"start":{"line":47,"column":21},"end":{"line":47,"column":53}},"14":{"start":{"line":49,"column":15},"end":{"line":52,"column":4}},"15":{"start":{"line":54,"column":27},"end":{"line":55,"column":39}},"16":{"start":{"line":55,"column":4},"end":{"line":55,"column":39}},"17":{"start":{"line":57,"column":2},"end":{"line":61,"column":4}},"18":{"start":{"line":59,"column":16},"end":{"line":59,"column":41}},"19":{"start":{"line":64,"column":0},"end":{"line":64,"column":49}}},"fnMap":{"0":{"name":"(anonymous_0)","decl":{"start":{"line":21,"column":28},"end":{"line":21,"column":29}},"loc":{"start":{"line":21,"column":67},"end":{"line":33,"column":1}},"line":21},"1":{"name":"(anonymous_1)","decl":{"start":{"line":28,"column":17},"end":{"line":28,"column":18}},"loc":{"start":{"line":28,"column":24},"end":{"line":28,"column":46}},"line":28},"2":{"name":"(anonymous_2)","decl":{"start":{"line":41,"column":24},"end":{"line":41,"column":25}},"loc":{"start":{"line":41,"column":40},"end":{"line":62,"column":1}},"line":41},"3":{"name":"(anonymous_3)","decl":{"start":{"line":54,"column":27},"end":{"line":54,"column":28}},"loc":{"start":{"line":55,"column":4},"end":{"line":55,"column":39}},"line":55},"4":{"name":"(anonymous_4)","decl":{"start":{"line":59,"column":10},"end":{"line":59,"column":11}},"loc":{"start":{"line":59,"column":16},"end":{"line":59,"column":41}},"line":59}},"branchMap":{"0":{"loc":{"start":{"line":21,"column":29},"end":{"line":21,"column":62}},"type":"default-arg","locations":[{"start":{"line":21,"column":60},"end":{"line":21,"column":62}}],"line":21},"1":{"loc":{"start":{"line":21,"column":31},"end":{"line":21,"column":55}},"type":"default-arg","locations":[{"start":{"line":21,"column":41},"end":{"line":21,"column":55}}],"line":21},"2":{"loc":{"start":{"line":54,"column":37},"end":{"line":54,"column":51}},"type":"default-arg","locations":[{"start":{"line":54,"column":49},"end":{"line":54,"column":51}}],"line":54}},"s":{"0":2,"1":2,"2":2,"3":2,"4":2,"5":2,"6":4,"7":4,"8":4,"9":4,"10":4,"11":2,"12":2,"13":2,"14":2,"15":2,"16":2,"17":2,"18":2,"19":2},"f":{"0":4,"1":4,"2":2,"3":2,"4":2},"b":{"0":[0],"1":[0],"2":[0]},"_coverageSchema":"43e27e138ebf9cfc5966b082cf9a028302ed4184","hash":"529929ba7a9b677c2021615eace11e61a6565d48"}
,"C:\\Users\\matt\\Desktop\\524FullstackTutorial\\final\\server\\src\\datasources\\launch.js": {"path":"C:\\Users\\matt\\Desktop\\524FullstackTutorial\\final\\server\\src\\datasources\\launch.js","statementMap":{"0":{"start":{"line":1,"column":27},"end":{"line":1,"column":60}},"1":{"start":{"line":5,"column":4},"end":{"line":5,"column":12}},"2":{"start":{"line":6,"column":4},"end":{"line":6,"column":52}},"3":{"start":{"line":11,"column":4},"end":{"line":25,"column":6}},"4":{"start":{"line":29,"column":21},"end":{"line":29,"column":47}},"5":{"start":{"line":32,"column":4},"end":{"line":33,"column":64}},"6":{"start":{"line":33,"column":31},"end":{"line":33,"column":57}},"7":{"start":{"line":37,"column":16},"end":{"line":37,"column":71}},"8":{"start":{"line":38,"column":4},"end":{"line":38,"column":38}},"9":{"start":{"line":42,"column":4},"end":{"line":44,"column":6}},"10":{"start":{"line":43,"column":32},"end":{"line":43,"column":64}},"11":{"start":{"line":48,"column":0},"end":{"line":48,"column":27}}},"fnMap":{"0":{"name":"(anonymous_0)","decl":{"start":{"line":4,"column":2},"end":{"line":4,"column":3}},"loc":{"start":{"line":4,"column":16},"end":{"line":7,"column":3}},"line":4},"1":{"name":"(anonymous_1)","decl":{"start":{"line":10,"column":2},"end":{"line":10,"column":3}},"loc":{"start":{"line":10,"column":24},"end":{"line":26,"column":3}},"line":10},"2":{"name":"(anonymous_2)","decl":{"start":{"line":28,"column":2},"end":{"line":28,"column":3}},"loc":{"start":{"line":28,"column":25},"end":{"line":34,"column":3}},"line":28},"3":{"name":"(anonymous_3)","decl":{"start":{"line":33,"column":21},"end":{"line":33,"column":22}},"loc":{"start":{"line":33,"column":31},"end":{"line":33,"column":57}},"line":33},"4":{"name":"(anonymous_4)","decl":{"start":{"line":36,"column":2},"end":{"line":36,"column":3}},"loc":{"start":{"line":36,"column":36},"end":{"line":39,"column":3}},"line":36},"5":{"name":"(anonymous_5)","decl":{"start":{"line":41,"column":2},"end":{"line":41,"column":3}},"loc":{"start":{"line":41,"column":40},"end":{"line":45,"column":3}},"line":41},"6":{"name":"(anonymous_6)","decl":{"start":{"line":43,"column":20},"end":{"line":43,"column":21}},"loc":{"start":{"line":43,"column":32},"end":{"line":43,"column":64}},"line":43}},"branchMap":{"0":{"loc":{"start":{"line":12,"column":10},"end":{"line":12,"column":35}},"type":"binary-expr","locations":[{"start":{"line":12,"column":10},"end":{"line":12,"column":30}},{"start":{"line":12,"column":34},"end":{"line":12,"column":35}}],"line":12},"1":{"loc":{"start":{"line":14,"column":12},"end":{"line":14,"column":62}},"type":"binary-expr","locations":[{"start":{"line":14,"column":12},"end":{"line":14,"column":30}},{"start":{"line":14,"column":34},"end":{"line":14,"column":62}}],"line":14},"2":{"loc":{"start":{"line":32,"column":11},"end":{"line":33,"column":63}},"type":"cond-expr","locations":[{"start":{"line":33,"column":8},"end":{"line":33,"column":58}},{"start":{"line":33,"column":61},"end":{"line":33,"column":63}}],"line":32}},"s":{"0":3,"1":8,"2":8,"3":117,"4":4,"5":4,"6":109,"7":6,"8":6,"9":3,"10":6,"11":3},"f":{"0":8,"1":117,"2":4,"3":109,"4":6,"5":3,"6":6},"b":{"0":[117,0],"1":[117,117],"2":[4,0]},"_coverageSchema":"43e27e138ebf9cfc5966b082cf9a028302ed4184","hash":"bcdb55ecaf0ef9d169fe11aa8ceabb69a1f19249"}
,"C:\\Users\\matt\\Desktop\\524FullstackTutorial\\final\\server\\src\\datasources\\user.js": {"path":"C:\\Users\\matt\\Desktop\\524FullstackTutorial\\final\\server\\src\\datasources\\user.js","statementMap":{"0":{"start":{"line":1,"column":11},"end":{"line":1,"column":40}},"1":{"start":{"line":2,"column":16},"end":{"line":2,"column":34}},"2":{"start":{"line":3,"column":13},"end":{"line":3,"column":28}},"3":{"start":{"line":4,"column":15},"end":{"line":4,"column":33}},"4":{"start":{"line":5,"column":23},"end":{"line":5,"column":51}},"5":{"start":{"line":9,"column":4},"end":{"line":9,"column":12}},"6":{"start":{"line":10,"column":4},"end":{"line":10,"column":23}},"7":{"start":{"line":20,"column":4},"end":{"line":20,"column":34}},"8":{"start":{"line":30,"column":6},"end":{"line":30,"column":76}},"9":{"start":{"line":31,"column":4},"end":{"line":31,"column":56}},"10":{"start":{"line":31,"column":44},"end":{"line":31,"column":56}},"11":{"start":{"line":33,"column":18},"end":{"line":33,"column":75}},"12":{"start":{"line":34,"column":4},"end":{"line":34,"column":47}},"13":{"start":{"line":38,"column":19},"end":{"line":38,"column":39}},"14":{"start":{"line":39,"column":4},"end":{"line":39,"column":24}},"15":{"start":{"line":39,"column":17},"end":{"line":39,"column":24}},"16":{"start":{"line":41,"column":18},"end":{"line":41,"column":20}},"17":{"start":{"line":45,"column":4},"end":{"line":48,"column":5}},"18":{"start":{"line":46,"column":18},"end":{"line":46,"column":51}},"19":{"start":{"line":47,"column":6},"end":{"line":47,"column":33}},"20":{"start":{"line":47,"column":15},"end":{"line":47,"column":33}},"21":{"start":{"line":50,"column":4},"end":{"line":50,"column":19}},"22":{"start":{"line":54,"column":19},"end":{"line":54,"column":39}},"23":{"start":{"line":55,"column":16},"end":{"line":57,"column":6}},"24":{"start":{"line":58,"column":4},"end":{"line":58,"column":52}},"25":{"start":{"line":62,"column":19},"end":{"line":62,"column":39}},"26":{"start":{"line":63,"column":4},"end":{"line":63,"column":71}},"27":{"start":{"line":67,"column":19},"end":{"line":67,"column":39}},"28":{"start":{"line":68,"column":18},"end":{"line":70,"column":6}},"29":{"start":{"line":71,"column":4},"end":{"line":73,"column":11}},"30":{"start":{"line":72,"column":23},"end":{"line":72,"column":44}},"31":{"start":{"line":72,"column":58},"end":{"line":72,"column":61}},"32":{"start":{"line":77,"column":4},"end":{"line":77,"column":58}},"33":{"start":{"line":77,"column":45},"end":{"line":77,"column":58}},"34":{"start":{"line":78,"column":19},"end":{"line":78,"column":39}},"35":{"start":{"line":79,"column":18},"end":{"line":81,"column":6}},"36":{"start":{"line":82,"column":4},"end":{"line":82,"column":37}},"37":{"start":{"line":90,"column":19},"end":{"line":90,"column":39}},"38":{"start":{"line":91,"column":4},"end":{"line":91,"column":24}},"39":{"start":{"line":91,"column":17},"end":{"line":91,"column":24}},"40":{"start":{"line":94,"column":15},"end":{"line":94,"column":23}},"41":{"start":{"line":100,"column":43},"end":{"line":100,"column":53}},"42":{"start":{"line":101,"column":21},"end":{"line":101,"column":65}},"43":{"start":{"line":104,"column":30},"end":{"line":104,"column":41}},"44":{"start":{"line":105,"column":4},"end":{"line":113,"column":17}},"45":{"start":{"line":116,"column":4},"end":{"line":118,"column":7}},"46":{"start":{"line":122,"column":0},"end":{"line":122,"column":25}}},"fnMap":{"0":{"name":"(anonymous_0)","decl":{"start":{"line":8,"column":2},"end":{"line":8,"column":3}},"loc":{"start":{"line":8,"column":25},"end":{"line":11,"column":3}},"line":8},"1":{"name":"(anonymous_1)","decl":{"start":{"line":19,"column":2},"end":{"line":19,"column":3}},"loc":{"start":{"line":19,"column":21},"end":{"line":21,"column":3}},"line":19},"2":{"name":"(anonymous_2)","decl":{"start":{"line":28,"column":2},"end":{"line":28,"column":3}},"loc":{"start":{"line":28,"column":51},"end":{"line":35,"column":3}},"line":28},"3":{"name":"(anonymous_3)","decl":{"start":{"line":37,"column":2},"end":{"line":37,"column":3}},"loc":{"start":{"line":37,"column":33},"end":{"line":51,"column":3}},"line":37},"4":{"name":"(anonymous_4)","decl":{"start":{"line":53,"column":2},"end":{"line":53,"column":3}},"loc":{"start":{"line":53,"column":31},"end":{"line":59,"column":3}},"line":53},"5":{"name":"(anonymous_5)","decl":{"start":{"line":61,"column":2},"end":{"line":61,"column":3}},"loc":{"start":{"line":61,"column":33},"end":{"line":64,"column":3}},"line":61},"6":{"name":"(anonymous_6)","decl":{"start":{"line":66,"column":2},"end":{"line":66,"column":3}},"loc":{"start":{"line":66,"column":29},"end":{"line":74,"column":3}},"line":66},"7":{"name":"(anonymous_7)","decl":{"start":{"line":72,"column":18},"end":{"line":72,"column":19}},"loc":{"start":{"line":72,"column":23},"end":{"line":72,"column":44}},"line":72},"8":{"name":"(anonymous_8)","decl":{"start":{"line":72,"column":53},"end":{"line":72,"column":54}},"loc":{"start":{"line":72,"column":58},"end":{"line":72,"column":61}},"line":72},"9":{"name":"(anonymous_9)","decl":{"start":{"line":76,"column":2},"end":{"line":76,"column":3}},"loc":{"start":{"line":76,"column":39},"end":{"line":83,"column":3}},"line":76},"10":{"name":"(anonymous_10)","decl":{"start":{"line":89,"column":2},"end":{"line":89,"column":3}},"loc":{"start":{"line":89,"column":37},"end":{"line":119,"column":3}},"line":89}},"branchMap":{"0":{"loc":{"start":{"line":28,"column":25},"end":{"line":28,"column":49}},"type":"default-arg","locations":[{"start":{"line":28,"column":47},"end":{"line":28,"column":49}}],"line":28},"1":{"loc":{"start":{"line":30,"column":6},"end":{"line":30,"column":76}},"type":"cond-expr","locations":[{"start":{"line":30,"column":42},"end":{"line":30,"column":65}},{"start":{"line":30,"column":68},"end":{"line":30,"column":76}}],"line":30},"2":{"loc":{"start":{"line":30,"column":6},"end":{"line":30,"column":39}},"type":"binary-expr","locations":[{"start":{"line":30,"column":6},"end":{"line":30,"column":18}},{"start":{"line":30,"column":22},"end":{"line":30,"column":39}}],"line":30},"3":{"loc":{"start":{"line":31,"column":4},"end":{"line":31,"column":56}},"type":"if","locations":[{"start":{"line":31,"column":4},"end":{"line":31,"column":56}},{"start":{"line":31,"column":4},"end":{"line":31,"column":56}}],"line":31},"4":{"loc":{"start":{"line":31,"column":8},"end":{"line":31,"column":42}},"type":"binary-expr","locations":[{"start":{"line":31,"column":8},"end":{"line":31,"column":14}},{"start":{"line":31,"column":18},"end":{"line":31,"column":42}}],"line":31},"5":{"loc":{"start":{"line":34,"column":11},"end":{"line":34,"column":46}},"type":"cond-expr","locations":[{"start":{"line":34,"column":31},"end":{"line":34,"column":39}},{"start":{"line":34,"column":42},"end":{"line":34,"column":46}}],"line":34},"6":{"loc":{"start":{"line":34,"column":11},"end":{"line":34,"column":28}},"type":"binary-expr","locations":[{"start":{"line":34,"column":11},"end":{"line":34,"column":16}},{"start":{"line":34,"column":20},"end":{"line":34,"column":28}}],"line":34},"7":{"loc":{"start":{"line":39,"column":4},"end":{"line":39,"column":24}},"type":"if","locations":[{"start":{"line":39,"column":4},"end":{"line":39,"column":24}},{"start":{"line":39,"column":4},"end":{"line":39,"column":24}}],"line":39},"8":{"loc":{"start":{"line":47,"column":6},"end":{"line":47,"column":33}},"type":"if","locations":[{"start":{"line":47,"column":6},"end":{"line":47,"column":33}},{"start":{"line":47,"column":6},"end":{"line":47,"column":33}}],"line":47},"9":{"loc":{"start":{"line":58,"column":11},"end":{"line":58,"column":51}},"type":"cond-expr","locations":[{"start":{"line":58,"column":31},"end":{"line":58,"column":43}},{"start":{"line":58,"column":46},"end":{"line":58,"column":51}}],"line":58},"10":{"loc":{"start":{"line":58,"column":11},"end":{"line":58,"column":28}},"type":"binary-expr","locations":[{"start":{"line":58,"column":11},"end":{"line":58,"column":14}},{"start":{"line":58,"column":18},"end":{"line":58,"column":28}}],"line":58},"11":{"loc":{"start":{"line":71,"column":11},"end":{"line":73,"column":10}},"type":"cond-expr","locations":[{"start":{"line":72,"column":8},"end":{"line":72,"column":62}},{"start":{"line":73,"column":8},"end":{"line":73,"column":10}}],"line":71},"12":{"loc":{"start":{"line":71,"column":11},"end":{"line":71,"column":32}},"type":"binary-expr","locations":[{"start":{"line":71,"column":11},"end":{"line":71,"column":16}},{"start":{"line":71,"column":20},"end":{"line":71,"column":32}}],"line":71},"13":{"loc":{"start":{"line":77,"column":4},"end":{"line":77,"column":58}},"type":"if","locations":[{"start":{"line":77,"column":4},"end":{"line":77,"column":58}},{"start":{"line":77,"column":4},"end":{"line":77,"column":58}}],"line":77},"14":{"loc":{"start":{"line":77,"column":8},"end":{"line":77,"column":43}},"type":"binary-expr","locations":[{"start":{"line":77,"column":8},"end":{"line":77,"column":21}},{"start":{"line":77,"column":25},"end":{"line":77,"column":43}}],"line":77},"15":{"loc":{"start":{"line":82,"column":11},"end":{"line":82,"column":36}},"type":"binary-expr","locations":[{"start":{"line":82,"column":11},"end":{"line":82,"column":16}},{"start":{"line":82,"column":20},"end":{"line":82,"column":36}}],"line":82},"16":{"loc":{"start":{"line":91,"column":4},"end":{"line":91,"column":24}},"type":"if","locations":[{"start":{"line":91,"column":4},"end":{"line":91,"column":24}},{"start":{"line":91,"column":4},"end":{"line":91,"column":24}}],"line":91}},"s":{"0":3,"1":3,"2":3,"3":3,"4":3,"5":8,"6":8,"7":8,"8":7,"9":7,"10":0,"11":7,"12":7,"13":3,"14":3,"15":0,"16":3,"17":3,"18":6,"19":6,"20":6,"21":3,"22":8,"23":8,"24":8,"25":2,"26":2,"27":4,"28":4,"29":4,"30":4,"31":4,"32":5,"33":1,"34":4,"35":4,"36":4,"37":0,"38":0,"39":0,"40":0,"41":0,"42":0,"43":0,"44":0,"45":0,"46":3},"f":{"0":8,"1":8,"2":7,"3":3,"4":8,"5":2,"6":4,"7":4,"8":4,"9":5,"10":0},"b":{"0":[0],"1":[6,1],"2":[7,7],"3":[0,7],"4":[7,7],"5":[3,4],"6":[7,3],"7":[0,3],"8":[6,0],"9":[8,0],"10":[8,8],"11":[2,2],"12":[4,2],"13":[1,4],"14":[5,5],"15":[4,4],"16":[0,0]},"_coverageSchema":"43e27e138ebf9cfc5966b082cf9a028302ed4184","hash":"23fc3a5eb2398aa231cd8c402808a050d8fc3882"}
}
