TN:
SF:src/engine-demo.js
FN:3,(anonymous_0)
FNF:1
FNH:0
FNDA:0,(anonymous_0)
DA:1,2
DA:4,0
DA:5,0
DA:6,0
DA:7,0
LF:5
LH:1
BRDA:4,0,0,0
BRDA:4,0,1,0
BRDA:4,1,0,0
BRDA:4,1,1,0
BRF:4
BRH:0
end_of_record
TN:
SF:src/index.js
FN:19,(anonymous_0)
FN:25,(anonymous_1)
FN:58,(anonymous_2)
FNF:3
FNH:2
FNDA:2,(anonymous_0)
FNDA:2,(anonymous_1)
FNDA:0,(anonymous_2)
DA:1,2
DA:3,2
DA:4,2
DA:6,2
DA:7,2
DA:8,2
DA:10,2
DA:11,2
DA:13,2
DA:16,2
DA:19,2
DA:25,2
DA:27,2
DA:28,2
DA:31,2
DA:33,0
DA:34,0
DA:36,0
DA:40,2
DA:55,2
DA:56,0
DA:59,0
DA:64,2
LF:23
LH:18
BRDA:27,0,0,2
BRDA:27,0,1,2
BRDA:27,0,2,2
BRDA:31,1,0,2
BRDA:31,1,1,0
BRDA:34,2,0,0
BRDA:34,2,1,0
BRDA:34,3,0,0
BRDA:34,3,1,0
BRDA:55,4,0,0
BRDA:55,4,1,2
BRDA:57,5,0,0
BRDA:57,5,1,0
BRF:13
BRH:5
end_of_record
TN:
SF:src/resolvers.js
FN:5,(anonymous_0)
FN:27,(anonymous_1)
FN:29,(anonymous_2)
FN:33,(anonymous_3)
FN:45,(anonymous_4)
FN:50,(anonymous_5)
FN:66,(anonymous_6)
FN:73,(anonymous_7)
FN:77,(anonymous_8)
FN:82,(anonymous_9)
FN:89,(anonymous_10)
FNF:11
FNH:10
FNDA:6,(anonymous_0)
FNDA:3,(anonymous_1)
FNDA:2,(anonymous_2)
FNDA:3,(anonymous_3)
FNDA:1,(anonymous_4)
FNDA:2,(anonymous_5)
FNDA:3,(anonymous_6)
FNDA:0,(anonymous_7)
FNDA:5,(anonymous_8)
FNDA:5,(anonymous_9)
FNDA:2,(anonymous_10)
DA:1,6
DA:3,6
DA:6,6
DA:8,6
DA:10,6
DA:16,6
DA:28,3
DA:30,2
DA:34,3
DA:35,3
DA:39,3
DA:45,1
DA:51,2
DA:53,2
DA:54,1
DA:59,1
DA:60,1
DA:67,3
DA:68,3
DA:69,2
DA:70,2
DA:74,0
DA:78,5
DA:83,5
DA:91,2
DA:93,2
DA:96,1
LF:27
LH:26
BRDA:5,0,0,3
BRDA:18,1,0,6
BRDA:18,1,1,0
BRDA:21,2,0,6
BRDA:21,2,1,0
BRDA:40,3,0,3
BRDA:40,3,1,3
BRDA:42,4,0,2
BRDA:42,4,1,1
BRDA:53,5,0,1
BRDA:53,5,1,1
BRDA:68,6,0,2
BRDA:68,6,1,1
BRDA:82,7,0,1
BRDA:83,8,0,1
BRDA:83,8,1,4
BRDA:93,9,0,1
BRDA:93,9,1,1
BRDA:97,10,0,1
BRDA:97,10,1,0
BRF:20
BRH:17
end_of_record
TN:
SF:src/schema.js
FNF:0
FNH:0
DA:1,2
DA:3,2
DA:82,2
LF:3
LH:3
BRF:0
BRH:0
end_of_record
TN:
SF:src/utils.js
FN:3,(anonymous_0)
FN:8,(anonymous_1)
FN:13,(anonymous_2)
FN:31,(anonymous_3)
FNF:4
FNH:3
FNDA:6,(anonymous_0)
FNDA:0,(anonymous_1)
FNDA:54,(anonymous_2)
FNDA:2,(anonymous_3)
DA:1,6
DA:3,6
DA:8,0
DA:10,6
DA:12,6
DA:13,3
DA:15,54
DA:18,54
DA:21,3
DA:31,6
DA:32,2
DA:37,2
DA:45,2
DA:52,2
LF:14
LH:13
BRDA:5,0,0,0
BRDA:8,1,0,6
BRDA:10,2,0,0
BRDA:10,2,1,6
BRDA:12,3,0,3
BRDA:12,3,1,3
BRDA:15,4,0,54
BRDA:15,4,1,0
BRDA:18,5,0,54
BRDA:18,5,1,0
BRDA:21,6,0,3
BRDA:21,6,1,0
BRDA:22,7,0,0
BRDA:22,7,1,3
BRF:14
BRH:8
end_of_record
TN:
SF:src/__tests__/__utils.js
FN:21,(anonymous_0)
FN:28,(anonymous_1)
FN:41,(anonymous_2)
FN:54,(anonymous_3)
FN:59,(anonymous_4)
FNF:5
FNH:5
FNDA:4,(anonymous_0)
FNDA:4,(anonymous_1)
FNDA:2,(anonymous_2)
FNDA:2,(anonymous_3)
FNDA:2,(anonymous_4)
DA:1,2
DA:2,2
DA:3,2
DA:5,2
DA:16,2
DA:21,2
DA:22,4
DA:23,4
DA:25,4
DA:28,4
DA:32,4
DA:35,2
DA:41,2
DA:47,2
DA:49,2
DA:54,2
DA:55,2
DA:57,2
DA:59,2
DA:64,2
LF:20
LH:20
BRDA:21,0,0,0
BRDA:21,1,0,0
BRDA:54,2,0,0
BRF:3
BRH:0
end_of_record
TN:
SF:src/datasources/launch.js
FN:4,(anonymous_0)
FN:10,(anonymous_1)
FN:28,(anonymous_2)
FN:33,(anonymous_3)
FN:36,(anonymous_4)
FN:41,(anonymous_5)
FN:43,(anonymous_6)
FNF:7
FNH:7
FNDA:8,(anonymous_0)
FNDA:117,(anonymous_1)
FNDA:4,(anonymous_2)
FNDA:109,(anonymous_3)
FNDA:6,(anonymous_4)
FNDA:3,(anonymous_5)
FNDA:6,(anonymous_6)
DA:1,3
DA:5,8
DA:6,8
DA:11,117
DA:29,4
DA:32,4
DA:33,109
DA:37,6
DA:38,6
DA:42,3
DA:43,6
DA:48,3
LF:12
LH:12
BRDA:12,0,0,117
BRDA:12,0,1,0
BRDA:14,1,0,117
BRDA:14,1,1,117
BRDA:32,2,0,4
BRDA:32,2,1,0
BRF:6
BRH:4
end_of_record
TN:
SF:src/datasources/user.js
FN:8,(anonymous_0)
FN:19,(anonymous_1)
FN:28,(anonymous_2)
FN:37,(anonymous_3)
FN:53,(anonymous_4)
FN:61,(anonymous_5)
FN:66,(anonymous_6)
FN:72,(anonymous_7)
FN:72,(anonymous_8)
FN:76,(anonymous_9)
FN:89,(anonymous_10)
FNF:11
FNH:10
FNDA:8,(anonymous_0)
FNDA:8,(anonymous_1)
FNDA:7,(anonymous_2)
FNDA:3,(anonymous_3)
FNDA:8,(anonymous_4)
FNDA:2,(anonymous_5)
FNDA:4,(anonymous_6)
FNDA:4,(anonymous_7)
FNDA:4,(anonymous_8)
FNDA:5,(anonymous_9)
FNDA:0,(anonymous_10)
DA:1,3
DA:2,3
DA:3,3
DA:4,3
DA:5,3
DA:9,8
DA:10,8
DA:20,8
DA:30,7
DA:31,7
DA:33,7
DA:34,7
DA:38,3
DA:39,3
DA:41,3
DA:45,3
DA:46,6
DA:47,6
DA:50,3
DA:54,8
DA:55,8
DA:58,8
DA:62,2
DA:63,2
DA:67,4
DA:68,4
DA:71,4
DA:72,4
DA:77,5
DA:78,4
DA:79,4
DA:82,4
DA:90,0
DA:91,0
DA:94,0
DA:100,0
DA:101,0
DA:104,0
DA:105,0
DA:116,0
DA:122,3
LF:41
LH:33
BRDA:28,0,0,0
BRDA:30,1,0,6
BRDA:30,1,1,1
BRDA:30,2,0,7
BRDA:30,2,1,7
BRDA:31,3,0,0
BRDA:31,3,1,7
BRDA:31,4,0,7
BRDA:31,4,1,7
BRDA:34,5,0,3
BRDA:34,5,1,4
BRDA:34,6,0,7
BRDA:34,6,1,3
BRDA:39,7,0,0
BRDA:39,7,1,3
BRDA:47,8,0,6
BRDA:47,8,1,0
BRDA:58,9,0,8
BRDA:58,9,1,0
BRDA:58,10,0,8
BRDA:58,10,1,8
BRDA:71,11,0,2
BRDA:71,11,1,2
BRDA:71,12,0,4
BRDA:71,12,1,2
BRDA:77,13,0,1
BRDA:77,13,1,4
BRDA:77,14,0,5
BRDA:77,14,1,5
BRDA:82,15,0,4
BRDA:82,15,1,4
BRDA:91,16,0,0
BRDA:91,16,1,0
BRF:33
BRH:26
end_of_record
